-------------------------------------------------------------------------------
Test set: TestSuite
-------------------------------------------------------------------------------
Tests run: 3, Failures: 1, Errors: 0, Skipped: 0, Time elapsed: 4.149 s <<< FAILURE! - in TestSuite
sub(test.FirstDemo)  Time elapsed: 0.007 s  <<< FAILURE!
java.lang.AssertionError: expected [10] but found [20]
	at test.FirstDemo.sub(FirstDemo.java:27)

